CRITICAL - 2024-05-29 16:15:44 --> ErrorException: Undefined variable $featuredProducts
[Method: GET, Route: ecom/index]
in APPPATH\Views\WebappViews\dashboard\index.php on line 53.
 1 APPPATH\Views\WebappViews\dashboard\index.php(53): CodeIgniter\Debug\Exceptions->errorHandler(2, 'Undefined variable $featuredProducts', 'C:\\xampp\\htdocs\\webapp\\app\\Views\\WebappViews\\dashboard\\index.php', 53)
 2 SYSTEMPATH\View\View.php(234): include('C:\\xampp\\htdocs\\webapp\\app\\Views\\WebappViews\\dashboard\\index.php')
 3 SYSTEMPATH\View\View.php(237): CodeIgniter\View\View->CodeIgniter\View\{closure}()
 4 SYSTEMPATH\Common.php(1171): CodeIgniter\View\View->render('WebappViews/dashboard/index', [], true)
 5 APPPATH\Controllers\WebappControllers\Dashboard_controller.php(12): view('WebappViews/dashboard/index', [])
 6 SYSTEMPATH\CodeIgniter.php(933): App\Controllers\WebappControllers\Dashboard_controller->index()
 7 SYSTEMPATH\CodeIgniter.php(509): CodeIgniter\CodeIgniter->runController(Object(App\Controllers\WebappControllers\Dashboard_controller))
 8 SYSTEMPATH\CodeIgniter.php(355): CodeIgniter\CodeIgniter->handleRequest(null, Object(Config\Cache), false)
 9 SYSTEMPATH\Boot.php(312): CodeIgniter\CodeIgniter->run()
10 SYSTEMPATH\Boot.php(67): CodeIgniter\Boot::runCodeIgniter(Object(CodeIgniter\CodeIgniter))
11 FCPATH\index.php(56): CodeIgniter\Boot::bootWeb(Object(Config\Paths))
CRITICAL - 2024-05-29 16:16:22 --> ErrorException: Undefined variable $featuredProducts
[Method: GET, Route: ecom/index]
in APPPATH\Views\WebappViews\dashboard\index.php on line 53.
 1 APPPATH\Views\WebappViews\dashboard\index.php(53): CodeIgniter\Debug\Exceptions->errorHandler(2, 'Undefined variable $featuredProducts', 'C:\\xampp\\htdocs\\webapp\\app\\Views\\WebappViews\\dashboard\\index.php', 53)
 2 SYSTEMPATH\View\View.php(234): include('C:\\xampp\\htdocs\\webapp\\app\\Views\\WebappViews\\dashboard\\index.php')
 3 SYSTEMPATH\View\View.php(237): CodeIgniter\View\View->CodeIgniter\View\{closure}()
 4 SYSTEMPATH\Common.php(1171): CodeIgniter\View\View->render('WebappViews/dashboard/index', [], true)
 5 APPPATH\Controllers\WebappControllers\Dashboard_controller.php(12): view('WebappViews/dashboard/index', [])
 6 SYSTEMPATH\CodeIgniter.php(933): App\Controllers\WebappControllers\Dashboard_controller->index()
 7 SYSTEMPATH\CodeIgniter.php(509): CodeIgniter\CodeIgniter->runController(Object(App\Controllers\WebappControllers\Dashboard_controller))
 8 SYSTEMPATH\CodeIgniter.php(355): CodeIgniter\CodeIgniter->handleRequest(null, Object(Config\Cache), false)
 9 SYSTEMPATH\Boot.php(312): CodeIgniter\CodeIgniter->run()
10 SYSTEMPATH\Boot.php(67): CodeIgniter\Boot::runCodeIgniter(Object(CodeIgniter\CodeIgniter))
11 FCPATH\index.php(56): CodeIgniter\Boot::bootWeb(Object(Config\Paths))
CRITICAL - 2024-05-29 16:16:27 --> ErrorException: Undefined variable $featuredProducts
[Method: GET, Route: ecom/index]
in APPPATH\Views\WebappViews\dashboard\index.php on line 53.
 1 APPPATH\Views\WebappViews\dashboard\index.php(53): CodeIgniter\Debug\Exceptions->errorHandler(2, 'Undefined variable $featuredProducts', 'C:\\xampp\\htdocs\\webapp\\app\\Views\\WebappViews\\dashboard\\index.php', 53)
 2 SYSTEMPATH\View\View.php(234): include('C:\\xampp\\htdocs\\webapp\\app\\Views\\WebappViews\\dashboard\\index.php')
 3 SYSTEMPATH\View\View.php(237): CodeIgniter\View\View->CodeIgniter\View\{closure}()
 4 SYSTEMPATH\Common.php(1171): CodeIgniter\View\View->render('WebappViews/dashboard/index', [], true)
 5 APPPATH\Controllers\WebappControllers\Dashboard_controller.php(12): view('WebappViews/dashboard/index', [])
 6 SYSTEMPATH\CodeIgniter.php(933): App\Controllers\WebappControllers\Dashboard_controller->index()
 7 SYSTEMPATH\CodeIgniter.php(509): CodeIgniter\CodeIgniter->runController(Object(App\Controllers\WebappControllers\Dashboard_controller))
 8 SYSTEMPATH\CodeIgniter.php(355): CodeIgniter\CodeIgniter->handleRequest(null, Object(Config\Cache), false)
 9 SYSTEMPATH\Boot.php(312): CodeIgniter\CodeIgniter->run()
10 SYSTEMPATH\Boot.php(67): CodeIgniter\Boot::runCodeIgniter(Object(CodeIgniter\CodeIgniter))
11 FCPATH\index.php(56): CodeIgniter\Boot::bootWeb(Object(Config\Paths))
CRITICAL - 2024-05-29 16:53:02 --> Error: Call to undefined function user_logged_in()
[Method: GET, Route: ecom/index]
in APPPATH\Views\WebappViews\dashboard\index.php on line 7.
 1 SYSTEMPATH\View\View.php(234): include()
 2 SYSTEMPATH\View\View.php(237): CodeIgniter\View\View->CodeIgniter\View\{closure}()
 3 SYSTEMPATH\Common.php(1171): CodeIgniter\View\View->render('WebappViews/dashboard/index', [], true)
 4 APPPATH\Controllers\WebappControllers\Dashboard_controller.php(12): view('WebappViews/dashboard/index', [])
 5 SYSTEMPATH\CodeIgniter.php(933): App\Controllers\WebappControllers\Dashboard_controller->index()
 6 SYSTEMPATH\CodeIgniter.php(509): CodeIgniter\CodeIgniter->runController(Object(App\Controllers\WebappControllers\Dashboard_controller))
 7 SYSTEMPATH\CodeIgniter.php(355): CodeIgniter\CodeIgniter->handleRequest(null, Object(Config\Cache), false)
 8 SYSTEMPATH\Boot.php(312): CodeIgniter\CodeIgniter->run()
 9 SYSTEMPATH\Boot.php(67): CodeIgniter\Boot::runCodeIgniter(Object(CodeIgniter\CodeIgniter))
10 FCPATH\index.php(56): CodeIgniter\Boot::bootWeb(Object(Config\Paths))
CRITICAL - 2024-05-29 16:53:16 --> Error: Call to undefined function user_logged_in()
[Method: GET, Route: ecom/index]
in APPPATH\Views\WebappViews\dashboard\index.php on line 7.
 1 SYSTEMPATH\View\View.php(234): include()
 2 SYSTEMPATH\View\View.php(237): CodeIgniter\View\View->CodeIgniter\View\{closure}()
 3 SYSTEMPATH\Common.php(1171): CodeIgniter\View\View->render('WebappViews/dashboard/index', [], true)
 4 APPPATH\Controllers\WebappControllers\Dashboard_controller.php(12): view('WebappViews/dashboard/index', [])
 5 SYSTEMPATH\CodeIgniter.php(933): App\Controllers\WebappControllers\Dashboard_controller->index()
 6 SYSTEMPATH\CodeIgniter.php(509): CodeIgniter\CodeIgniter->runController(Object(App\Controllers\WebappControllers\Dashboard_controller))
 7 SYSTEMPATH\CodeIgniter.php(355): CodeIgniter\CodeIgniter->handleRequest(null, Object(Config\Cache), false)
 8 SYSTEMPATH\Boot.php(312): CodeIgniter\CodeIgniter->run()
 9 SYSTEMPATH\Boot.php(67): CodeIgniter\Boot::runCodeIgniter(Object(CodeIgniter\CodeIgniter))
10 FCPATH\index.php(56): CodeIgniter\Boot::bootWeb(Object(Config\Paths))
CRITICAL - 2024-05-29 16:53:26 --> Error: Call to undefined function user_logged_in()
[Method: GET, Route: ecom/index]
in APPPATH\Views\WebappViews\dashboard\index.php on line 61.
 1 SYSTEMPATH\View\View.php(234): include()
 2 SYSTEMPATH\View\View.php(237): CodeIgniter\View\View->CodeIgniter\View\{closure}()
 3 SYSTEMPATH\Common.php(1171): CodeIgniter\View\View->render('WebappViews/dashboard/index', [], true)
 4 APPPATH\Controllers\WebappControllers\Dashboard_controller.php(12): view('WebappViews/dashboard/index', [])
 5 SYSTEMPATH\CodeIgniter.php(933): App\Controllers\WebappControllers\Dashboard_controller->index()
 6 SYSTEMPATH\CodeIgniter.php(509): CodeIgniter\CodeIgniter->runController(Object(App\Controllers\WebappControllers\Dashboard_controller))
 7 SYSTEMPATH\CodeIgniter.php(355): CodeIgniter\CodeIgniter->handleRequest(null, Object(Config\Cache), false)
 8 SYSTEMPATH\Boot.php(312): CodeIgniter\CodeIgniter->run()
 9 SYSTEMPATH\Boot.php(67): CodeIgniter\Boot::runCodeIgniter(Object(CodeIgniter\CodeIgniter))
10 FCPATH\index.php(56): CodeIgniter\Boot::bootWeb(Object(Config\Paths))
CRITICAL - 2024-05-29 16:57:05 --> Error: Call to undefined function user_logged_in()
[Method: GET, Route: ecom/index]
in APPPATH\Views\WebappViews\dashboard\index.php on line 7.
 1 SYSTEMPATH\View\View.php(234): include()
 2 SYSTEMPATH\View\View.php(237): CodeIgniter\View\View->CodeIgniter\View\{closure}()
 3 SYSTEMPATH\Common.php(1171): CodeIgniter\View\View->render('WebappViews/dashboard/index', [], true)
 4 APPPATH\Controllers\WebappControllers\Dashboard_controller.php(12): view('WebappViews/dashboard/index', [])
 5 SYSTEMPATH\CodeIgniter.php(933): App\Controllers\WebappControllers\Dashboard_controller->index()
 6 SYSTEMPATH\CodeIgniter.php(509): CodeIgniter\CodeIgniter->runController(Object(App\Controllers\WebappControllers\Dashboard_controller))
 7 SYSTEMPATH\CodeIgniter.php(355): CodeIgniter\CodeIgniter->handleRequest(null, Object(Config\Cache), false)
 8 SYSTEMPATH\Boot.php(312): CodeIgniter\CodeIgniter->run()
 9 SYSTEMPATH\Boot.php(67): CodeIgniter\Boot::runCodeIgniter(Object(CodeIgniter\CodeIgniter))
10 FCPATH\index.php(56): CodeIgniter\Boot::bootWeb(Object(Config\Paths))
