CRITICAL - 2024-05-30 09:22:15 --> ErrorException: Undefined variable $tshirts
[Method: GET, Route: ecom/shop]
in APPPATH\Views\WebappViews\dashboard\shop.php on line 7.
 1 APPPATH\Views\WebappViews\dashboard\shop.php(7): CodeIgniter\Debug\Exceptions->errorHandler(2, 'Undefined variable $tshirts', 'C:\\xampp\\htdocs\\webapp\\app\\Views\\WebappViews\\dashboard\\shop.php', 7)
 2 SYSTEMPATH\View\View.php(234): include('C:\\xampp\\htdocs\\webapp\\app\\Views\\WebappViews\\dashboard\\shop.php')
 3 SYSTEMPATH\View\View.php(237): CodeIgniter\View\View->CodeIgniter\View\{closure}()
 4 SYSTEMPATH\Common.php(1171): CodeIgniter\View\View->render('WebappViews/dashboard/shop', [], true)
 5 APPPATH\Controllers\WebappControllers\Shop_controller.php(12): view('WebappViews/dashboard/shop', [])
 6 SYSTEMPATH\CodeIgniter.php(933): App\Controllers\WebappControllers\Shop_controller->shop()
 7 SYSTEMPATH\CodeIgniter.php(509): CodeIgniter\CodeIgniter->runController(Object(App\Controllers\WebappControllers\Shop_controller))
 8 SYSTEMPATH\CodeIgniter.php(355): CodeIgniter\CodeIgniter->handleRequest(null, Object(Config\Cache), false)
 9 SYSTEMPATH\Boot.php(312): CodeIgniter\CodeIgniter->run()
10 SYSTEMPATH\Boot.php(67): CodeIgniter\Boot::runCodeIgniter(Object(CodeIgniter\CodeIgniter))
11 FCPATH\index.php(56): CodeIgniter\Boot::bootWeb(Object(Config\Paths))
CRITICAL - 2024-05-30 09:22:19 --> ErrorException: Undefined variable $tshirts
[Method: GET, Route: ecom/shop]
in APPPATH\Views\WebappViews\dashboard\shop.php on line 7.
 1 APPPATH\Views\WebappViews\dashboard\shop.php(7): CodeIgniter\Debug\Exceptions->errorHandler(2, 'Undefined variable $tshirts', 'C:\\xampp\\htdocs\\webapp\\app\\Views\\WebappViews\\dashboard\\shop.php', 7)
 2 SYSTEMPATH\View\View.php(234): include('C:\\xampp\\htdocs\\webapp\\app\\Views\\WebappViews\\dashboard\\shop.php')
 3 SYSTEMPATH\View\View.php(237): CodeIgniter\View\View->CodeIgniter\View\{closure}()
 4 SYSTEMPATH\Common.php(1171): CodeIgniter\View\View->render('WebappViews/dashboard/shop', [], true)
 5 APPPATH\Controllers\WebappControllers\Shop_controller.php(12): view('WebappViews/dashboard/shop', [])
 6 SYSTEMPATH\CodeIgniter.php(933): App\Controllers\WebappControllers\Shop_controller->shop()
 7 SYSTEMPATH\CodeIgniter.php(509): CodeIgniter\CodeIgniter->runController(Object(App\Controllers\WebappControllers\Shop_controller))
 8 SYSTEMPATH\CodeIgniter.php(355): CodeIgniter\CodeIgniter->handleRequest(null, Object(Config\Cache), false)
 9 SYSTEMPATH\Boot.php(312): CodeIgniter\CodeIgniter->run()
10 SYSTEMPATH\Boot.php(67): CodeIgniter\Boot::runCodeIgniter(Object(CodeIgniter\CodeIgniter))
11 FCPATH\index.php(56): CodeIgniter\Boot::bootWeb(Object(Config\Paths))
CRITICAL - 2024-05-30 09:24:45 --> ErrorException: Undefined variable $tshirts
[Method: GET, Route: ecom/shop]
in APPPATH\Views\WebappViews\dashboard\shop.php on line 7.
 1 APPPATH\Views\WebappViews\dashboard\shop.php(7): CodeIgniter\Debug\Exceptions->errorHandler(2, 'Undefined variable $tshirts', 'C:\\xampp\\htdocs\\webapp\\app\\Views\\WebappViews\\dashboard\\shop.php', 7)
 2 SYSTEMPATH\View\View.php(234): include('C:\\xampp\\htdocs\\webapp\\app\\Views\\WebappViews\\dashboard\\shop.php')
 3 SYSTEMPATH\View\View.php(237): CodeIgniter\View\View->CodeIgniter\View\{closure}()
 4 SYSTEMPATH\Common.php(1171): CodeIgniter\View\View->render('WebappViews/dashboard/shop', [], true)
 5 APPPATH\Controllers\WebappControllers\Shop_controller.php(12): view('WebappViews/dashboard/shop', [])
 6 SYSTEMPATH\CodeIgniter.php(933): App\Controllers\WebappControllers\Shop_controller->shop()
 7 SYSTEMPATH\CodeIgniter.php(509): CodeIgniter\CodeIgniter->runController(Object(App\Controllers\WebappControllers\Shop_controller))
 8 SYSTEMPATH\CodeIgniter.php(355): CodeIgniter\CodeIgniter->handleRequest(null, Object(Config\Cache), false)
 9 SYSTEMPATH\Boot.php(312): CodeIgniter\CodeIgniter->run()
10 SYSTEMPATH\Boot.php(67): CodeIgniter\Boot::runCodeIgniter(Object(CodeIgniter\CodeIgniter))
11 FCPATH\index.php(56): CodeIgniter\Boot::bootWeb(Object(Config\Paths))
CRITICAL - 2024-05-30 09:25:12 --> ErrorException: Undefined variable $tshirts
[Method: GET, Route: ecom/shop]
in APPPATH\Views\WebappViews\dashboard\shop.php on line 7.
 1 APPPATH\Views\WebappViews\dashboard\shop.php(7): CodeIgniter\Debug\Exceptions->errorHandler(2, 'Undefined variable $tshirts', 'C:\\xampp\\htdocs\\webapp\\app\\Views\\WebappViews\\dashboard\\shop.php', 7)
 2 SYSTEMPATH\View\View.php(234): include('C:\\xampp\\htdocs\\webapp\\app\\Views\\WebappViews\\dashboard\\shop.php')
 3 SYSTEMPATH\View\View.php(237): CodeIgniter\View\View->CodeIgniter\View\{closure}()
 4 SYSTEMPATH\Common.php(1171): CodeIgniter\View\View->render('WebappViews/dashboard/shop', [], true)
 5 APPPATH\Controllers\WebappControllers\Shop_controller.php(12): view('WebappViews/dashboard/shop', [...])
 6 SYSTEMPATH\CodeIgniter.php(933): App\Controllers\WebappControllers\Shop_controller->shop()
 7 SYSTEMPATH\CodeIgniter.php(509): CodeIgniter\CodeIgniter->runController(Object(App\Controllers\WebappControllers\Shop_controller))
 8 SYSTEMPATH\CodeIgniter.php(355): CodeIgniter\CodeIgniter->handleRequest(null, Object(Config\Cache), false)
 9 SYSTEMPATH\Boot.php(312): CodeIgniter\CodeIgniter->run()
10 SYSTEMPATH\Boot.php(67): CodeIgniter\Boot::runCodeIgniter(Object(CodeIgniter\CodeIgniter))
11 FCPATH\index.php(56): CodeIgniter\Boot::bootWeb(Object(Config\Paths))
CRITICAL - 2024-05-30 09:25:13 --> ErrorException: Undefined variable $tshirts
[Method: GET, Route: ecom/shop]
in APPPATH\Views\WebappViews\dashboard\shop.php on line 7.
 1 APPPATH\Views\WebappViews\dashboard\shop.php(7): CodeIgniter\Debug\Exceptions->errorHandler(2, 'Undefined variable $tshirts', 'C:\\xampp\\htdocs\\webapp\\app\\Views\\WebappViews\\dashboard\\shop.php', 7)
 2 SYSTEMPATH\View\View.php(234): include('C:\\xampp\\htdocs\\webapp\\app\\Views\\WebappViews\\dashboard\\shop.php')
 3 SYSTEMPATH\View\View.php(237): CodeIgniter\View\View->CodeIgniter\View\{closure}()
 4 SYSTEMPATH\Common.php(1171): CodeIgniter\View\View->render('WebappViews/dashboard/shop', [], true)
 5 APPPATH\Controllers\WebappControllers\Shop_controller.php(12): view('WebappViews/dashboard/shop', [...])
 6 SYSTEMPATH\CodeIgniter.php(933): App\Controllers\WebappControllers\Shop_controller->shop()
 7 SYSTEMPATH\CodeIgniter.php(509): CodeIgniter\CodeIgniter->runController(Object(App\Controllers\WebappControllers\Shop_controller))
 8 SYSTEMPATH\CodeIgniter.php(355): CodeIgniter\CodeIgniter->handleRequest(null, Object(Config\Cache), false)
 9 SYSTEMPATH\Boot.php(312): CodeIgniter\CodeIgniter->run()
10 SYSTEMPATH\Boot.php(67): CodeIgniter\Boot::runCodeIgniter(Object(CodeIgniter\CodeIgniter))
11 FCPATH\index.php(56): CodeIgniter\Boot::bootWeb(Object(Config\Paths))
CRITICAL - 2024-05-30 09:26:40 --> ErrorException: Undefined variable $tshirts
[Method: GET, Route: ecom/shop]
in APPPATH\Views\WebappViews\dashboard\shop.php on line 7.
 1 APPPATH\Views\WebappViews\dashboard\shop.php(7): CodeIgniter\Debug\Exceptions->errorHandler(2, 'Undefined variable $tshirts', 'C:\\xampp\\htdocs\\webapp\\app\\Views\\WebappViews\\dashboard\\shop.php', 7)
 2 SYSTEMPATH\View\View.php(234): include('C:\\xampp\\htdocs\\webapp\\app\\Views\\WebappViews\\dashboard\\shop.php')
 3 SYSTEMPATH\View\View.php(237): CodeIgniter\View\View->CodeIgniter\View\{closure}()
 4 SYSTEMPATH\Common.php(1171): CodeIgniter\View\View->render('WebappViews/dashboard/shop', [], true)
 5 APPPATH\Controllers\WebappControllers\Shop_controller.php(12): view('WebappViews/dashboard/shop', [...])
 6 SYSTEMPATH\CodeIgniter.php(933): App\Controllers\WebappControllers\Shop_controller->shop()
 7 SYSTEMPATH\CodeIgniter.php(509): CodeIgniter\CodeIgniter->runController(Object(App\Controllers\WebappControllers\Shop_controller))
 8 SYSTEMPATH\CodeIgniter.php(355): CodeIgniter\CodeIgniter->handleRequest(null, Object(Config\Cache), false)
 9 SYSTEMPATH\Boot.php(312): CodeIgniter\CodeIgniter->run()
10 SYSTEMPATH\Boot.php(67): CodeIgniter\Boot::runCodeIgniter(Object(CodeIgniter\CodeIgniter))
11 FCPATH\index.php(56): CodeIgniter\Boot::bootWeb(Object(Config\Paths))
CRITICAL - 2024-05-30 09:28:56 --> ErrorException: Undefined variable $tshirts
[Method: GET, Route: ecom/shop]
in APPPATH\Views\WebappViews\dashboard\shop.php on line 7.
 1 APPPATH\Views\WebappViews\dashboard\shop.php(7): CodeIgniter\Debug\Exceptions->errorHandler(2, 'Undefined variable $tshirts', 'C:\\xampp\\htdocs\\webapp\\app\\Views\\WebappViews\\dashboard\\shop.php', 7)
 2 SYSTEMPATH\View\View.php(234): include('C:\\xampp\\htdocs\\webapp\\app\\Views\\WebappViews\\dashboard\\shop.php')
 3 SYSTEMPATH\View\View.php(237): CodeIgniter\View\View->CodeIgniter\View\{closure}()
 4 SYSTEMPATH\Common.php(1171): CodeIgniter\View\View->render('WebappViews/dashboard/shop', [], true)
 5 APPPATH\Controllers\WebappControllers\Shop_controller.php(12): view('WebappViews/dashboard/shop', [...])
 6 SYSTEMPATH\CodeIgniter.php(933): App\Controllers\WebappControllers\Shop_controller->shop()
 7 SYSTEMPATH\CodeIgniter.php(509): CodeIgniter\CodeIgniter->runController(Object(App\Controllers\WebappControllers\Shop_controller))
 8 SYSTEMPATH\CodeIgniter.php(355): CodeIgniter\CodeIgniter->handleRequest(null, Object(Config\Cache), false)
 9 SYSTEMPATH\Boot.php(312): CodeIgniter\CodeIgniter->run()
10 SYSTEMPATH\Boot.php(67): CodeIgniter\Boot::runCodeIgniter(Object(CodeIgniter\CodeIgniter))
11 FCPATH\index.php(56): CodeIgniter\Boot::bootWeb(Object(Config\Paths))
ERROR - 2024-05-30 09:32:40 --> mysqli_sql_exception: Table 'database.tshirts' doesn't exist in C:\xampp\htdocs\webapp\system\Database\MySQLi\Connection.php:308
Stack trace:
#0 C:\xampp\htdocs\webapp\system\Database\MySQLi\Connection.php(308): mysqli->query('SELECT *\nFROM `...', 0)
#1 C:\xampp\htdocs\webapp\system\Database\BaseConnection.php(722): CodeIgniter\Database\MySQLi\Connection->execute('SELECT *\nFROM `...')
#2 C:\xampp\htdocs\webapp\system\Database\BaseConnection.php(636): CodeIgniter\Database\BaseConnection->simpleQuery('SELECT *\nFROM `...')
#3 C:\xampp\htdocs\webapp\system\Database\BaseBuilder.php(1629): CodeIgniter\Database\BaseConnection->query('SELECT *\nFROM `...', Array, false)
#4 C:\xampp\htdocs\webapp\system\Model.php(275): CodeIgniter\Database\BaseBuilder->get()
#5 C:\xampp\htdocs\webapp\system\BaseModel.php(676): CodeIgniter\Model->doFindAll(0, 0)
#6 C:\xampp\htdocs\webapp\app\Controllers\WebappControllers\Shop_controller.php(13): CodeIgniter\BaseModel->findAll()
#7 C:\xampp\htdocs\webapp\system\CodeIgniter.php(933): App\Controllers\WebappControllers\Shop_controller->shop()
#8 C:\xampp\htdocs\webapp\system\CodeIgniter.php(509): CodeIgniter\CodeIgniter->runController(Object(App\Controllers\WebappControllers\Shop_controller))
#9 C:\xampp\htdocs\webapp\system\CodeIgniter.php(355): CodeIgniter\CodeIgniter->handleRequest(NULL, Object(Config\Cache), false)
#10 C:\xampp\htdocs\webapp\system\Boot.php(312): CodeIgniter\CodeIgniter->run()
#11 C:\xampp\htdocs\webapp\system\Boot.php(67): CodeIgniter\Boot::runCodeIgniter(Object(CodeIgniter\CodeIgniter))
#12 C:\xampp\htdocs\webapp\public\index.php(56): CodeIgniter\Boot::bootWeb(Object(Config\Paths))
#13 {main}
CRITICAL - 2024-05-30 09:32:40 --> CodeIgniter\Database\Exceptions\DatabaseException: Table 'database.tshirts' doesn't exist
[Method: GET, Route: ecom/shop]
in SYSTEMPATH\Database\BaseConnection.php on line 676.
 1 SYSTEMPATH\Database\BaseBuilder.php(1629): CodeIgniter\Database\BaseConnection->query('SELECT *
FROM `tshirts`', [], false)
 2 SYSTEMPATH\Model.php(275): CodeIgniter\Database\BaseBuilder->get()
 3 SYSTEMPATH\BaseModel.php(676): CodeIgniter\Model->doFindAll(0, 0)
 4 APPPATH\Controllers\WebappControllers\Shop_controller.php(13): CodeIgniter\BaseModel->findAll()
 5 SYSTEMPATH\CodeIgniter.php(933): App\Controllers\WebappControllers\Shop_controller->shop()
 6 SYSTEMPATH\CodeIgniter.php(509): CodeIgniter\CodeIgniter->runController(Object(App\Controllers\WebappControllers\Shop_controller))
 7 SYSTEMPATH\CodeIgniter.php(355): CodeIgniter\CodeIgniter->handleRequest(null, Object(Config\Cache), false)
 8 SYSTEMPATH\Boot.php(312): CodeIgniter\CodeIgniter->run()
 9 SYSTEMPATH\Boot.php(67): CodeIgniter\Boot::runCodeIgniter(Object(CodeIgniter\CodeIgniter))
10 FCPATH\index.php(56): CodeIgniter\Boot::bootWeb(Object(Config\Paths))
CRITICAL - 2024-05-30 09:32:40 --> [Caused by] CodeIgniter\Database\Exceptions\DatabaseException: Table 'database.tshirts' doesn't exist
in SYSTEMPATH\Database\MySQLi\Connection.php on line 313.
 1 SYSTEMPATH\Database\BaseConnection.php(722): CodeIgniter\Database\MySQLi\Connection->execute('SELECT *
FROM `tshirts`')
 2 SYSTEMPATH\Database\BaseConnection.php(636): CodeIgniter\Database\BaseConnection->simpleQuery('SELECT *
FROM `tshirts`')
 3 SYSTEMPATH\Database\BaseBuilder.php(1629): CodeIgniter\Database\BaseConnection->query('SELECT *
FROM `tshirts`', [], false)
 4 SYSTEMPATH\Model.php(275): CodeIgniter\Database\BaseBuilder->get()
 5 SYSTEMPATH\BaseModel.php(676): CodeIgniter\Model->doFindAll(0, 0)
 6 APPPATH\Controllers\WebappControllers\Shop_controller.php(13): CodeIgniter\BaseModel->findAll()
 7 SYSTEMPATH\CodeIgniter.php(933): App\Controllers\WebappControllers\Shop_controller->shop()
 8 SYSTEMPATH\CodeIgniter.php(509): CodeIgniter\CodeIgniter->runController(Object(App\Controllers\WebappControllers\Shop_controller))
 9 SYSTEMPATH\CodeIgniter.php(355): CodeIgniter\CodeIgniter->handleRequest(null, Object(Config\Cache), false)
10 SYSTEMPATH\Boot.php(312): CodeIgniter\CodeIgniter->run()
11 SYSTEMPATH\Boot.php(67): CodeIgniter\Boot::runCodeIgniter(Object(CodeIgniter\CodeIgniter))
12 FCPATH\index.php(56): CodeIgniter\Boot::bootWeb(Object(Config\Paths))
CRITICAL - 2024-05-30 09:32:40 --> [Caused by] mysqli_sql_exception: Table 'database.tshirts' doesn't exist
in SYSTEMPATH\Database\MySQLi\Connection.php on line 308.
 1 SYSTEMPATH\Database\MySQLi\Connection.php(308): mysqli->query('SELECT *
FROM `tshirts`', 0)
 2 SYSTEMPATH\Database\BaseConnection.php(722): CodeIgniter\Database\MySQLi\Connection->execute('SELECT *
FROM `tshirts`')
 3 SYSTEMPATH\Database\BaseConnection.php(636): CodeIgniter\Database\BaseConnection->simpleQuery('SELECT *
FROM `tshirts`')
 4 SYSTEMPATH\Database\BaseBuilder.php(1629): CodeIgniter\Database\BaseConnection->query('SELECT *
FROM `tshirts`', [], false)
 5 SYSTEMPATH\Model.php(275): CodeIgniter\Database\BaseBuilder->get()
 6 SYSTEMPATH\BaseModel.php(676): CodeIgniter\Model->doFindAll(0, 0)
 7 APPPATH\Controllers\WebappControllers\Shop_controller.php(13): CodeIgniter\BaseModel->findAll()
 8 SYSTEMPATH\CodeIgniter.php(933): App\Controllers\WebappControllers\Shop_controller->shop()
 9 SYSTEMPATH\CodeIgniter.php(509): CodeIgniter\CodeIgniter->runController(Object(App\Controllers\WebappControllers\Shop_controller))
10 SYSTEMPATH\CodeIgniter.php(355): CodeIgniter\CodeIgniter->handleRequest(null, Object(Config\Cache), false)
11 SYSTEMPATH\Boot.php(312): CodeIgniter\CodeIgniter->run()
12 SYSTEMPATH\Boot.php(67): CodeIgniter\Boot::runCodeIgniter(Object(CodeIgniter\CodeIgniter))
13 FCPATH\index.php(56): CodeIgniter\Boot::bootWeb(Object(Config\Paths))
CRITICAL - 2024-05-30 09:41:15 --> ErrorException: Attempt to read property "image" on array
[Method: GET, Route: ecom/shop]
in APPPATH\Views\WebappViews\dashboard\shop.php on line 9.
 1 APPPATH\Views\WebappViews\dashboard\shop.php(9): CodeIgniter\Debug\Exceptions->errorHandler(2, 'Attempt to read property "image" on array', 'C:\\xampp\\htdocs\\webapp\\app\\Views\\WebappViews\\dashboard\\shop.php', 9)
 2 SYSTEMPATH\View\View.php(234): include('C:\\xampp\\htdocs\\webapp\\app\\Views\\WebappViews\\dashboard\\shop.php')
 3 SYSTEMPATH\View\View.php(237): CodeIgniter\View\View->CodeIgniter\View\{closure}()
 4 SYSTEMPATH\Common.php(1171): CodeIgniter\View\View->render('WebappViews/dashboard/shop', [], true)
 5 APPPATH\Controllers\WebappControllers\Shop_controller.php(14): view('WebappViews/dashboard/shop', [...])
 6 SYSTEMPATH\CodeIgniter.php(933): App\Controllers\WebappControllers\Shop_controller->shop()
 7 SYSTEMPATH\CodeIgniter.php(509): CodeIgniter\CodeIgniter->runController(Object(App\Controllers\WebappControllers\Shop_controller))
 8 SYSTEMPATH\CodeIgniter.php(355): CodeIgniter\CodeIgniter->handleRequest(null, Object(Config\Cache), false)
 9 SYSTEMPATH\Boot.php(312): CodeIgniter\CodeIgniter->run()
10 SYSTEMPATH\Boot.php(67): CodeIgniter\Boot::runCodeIgniter(Object(CodeIgniter\CodeIgniter))
11 FCPATH\index.php(56): CodeIgniter\Boot::bootWeb(Object(Config\Paths))
CRITICAL - 2024-05-30 09:41:21 --> ErrorException: Attempt to read property "image" on array
[Method: GET, Route: ecom/shop]
in APPPATH\Views\WebappViews\dashboard\shop.php on line 9.
 1 APPPATH\Views\WebappViews\dashboard\shop.php(9): CodeIgniter\Debug\Exceptions->errorHandler(2, 'Attempt to read property "image" on array', 'C:\\xampp\\htdocs\\webapp\\app\\Views\\WebappViews\\dashboard\\shop.php', 9)
 2 SYSTEMPATH\View\View.php(234): include('C:\\xampp\\htdocs\\webapp\\app\\Views\\WebappViews\\dashboard\\shop.php')
 3 SYSTEMPATH\View\View.php(237): CodeIgniter\View\View->CodeIgniter\View\{closure}()
 4 SYSTEMPATH\Common.php(1171): CodeIgniter\View\View->render('WebappViews/dashboard/shop', [], true)
 5 APPPATH\Controllers\WebappControllers\Shop_controller.php(14): view('WebappViews/dashboard/shop', [...])
 6 SYSTEMPATH\CodeIgniter.php(933): App\Controllers\WebappControllers\Shop_controller->shop()
 7 SYSTEMPATH\CodeIgniter.php(509): CodeIgniter\CodeIgniter->runController(Object(App\Controllers\WebappControllers\Shop_controller))
 8 SYSTEMPATH\CodeIgniter.php(355): CodeIgniter\CodeIgniter->handleRequest(null, Object(Config\Cache), false)
 9 SYSTEMPATH\Boot.php(312): CodeIgniter\CodeIgniter->run()
10 SYSTEMPATH\Boot.php(67): CodeIgniter\Boot::runCodeIgniter(Object(CodeIgniter\CodeIgniter))
11 FCPATH\index.php(56): CodeIgniter\Boot::bootWeb(Object(Config\Paths))
